0 verbose cli [
0 verbose cli   'D:\\practice\\node.js\\node.exe',
0 verbose cli   'D:\\practice\\node.js\\node_modules\\npm\\bin\\npm-cli.js',
0 verbose cli   'run',
0 verbose cli   'dev'
0 verbose cli ]
1 info using npm@8.5.5
2 info using node@v16.15.0
3 timing npm:load:whichnode Completed in 0ms
4 timing config:load:defaults Completed in 1ms
5 timing config:load:file:D:\practice\node.js\node_modules\npm\npmrc Completed in 2ms
6 timing config:load:builtin Completed in 3ms
7 timing config:load:cli Completed in 1ms
8 timing config:load:env Completed in 1ms
9 timing config:load:file:C:\Users\锅包肉.LAPTOP-NT34E0LF\Documents\codexStudy\.npmrc Completed in 0ms
10 timing config:load:project Completed in 4ms
11 timing config:load:file:C:\Users\锅包肉.LAPTOP-NT34E0LF\.npmrc Completed in 0ms
12 timing config:load:user Completed in 1ms
13 timing config:load:file:C:\Users\锅包肉.LAPTOP-NT34E0LF\AppData\Roaming\npm\etc\npmrc Completed in 0ms
14 timing config:load:global Completed in 0ms
15 timing config:load:validate Completed in 1ms
16 timing config:load:credentials Completed in 0ms
17 timing config:load:setEnvs Completed in 1ms
18 timing config:load Completed in 13ms
19 timing npm:load:configload Completed in 13ms
20 timing npm:load:setTitle Completed in 0ms
21 timing config:load:flatten Completed in 2ms
22 timing npm:load:display Completed in 3ms
23 verbose logfile C:\Users\锅包肉.LAPTOP-NT34E0LF\Documents\codexStudy\.npm-cache\_logs\2026-06-13T12_34_30_296Z-debug-0.log
24 timing npm:load:logFile Completed in 6ms
25 timing npm:load:timers Completed in 0ms
26 timing npm:load:configScope Completed in 0ms
27 timing npm:load Completed in 23ms
28 timing command:run Completed in 1033349ms
29 verbose exit 3221225786
30 timing npm Completed in 1033634ms
31 verbose code 3221225786
